[INFO] Scanning for projects...
[INFO] 
[INFO] ------------------< com.employeemanagementsystem:v1 >-------------------
[INFO] Building v1 0.0.1-SNAPSHOT
[INFO]   from pom.xml
[INFO] --------------------------------[ jar ]---------------------------------
[INFO] 
[INFO] >>> spring-boot:3.5.0:run (default-cli) > test-compile @ v1 >>>
[INFO] 
[INFO] --- resources:3.3.1:resources (default-resources) @ v1 ---
[INFO] Copying 1 resource from src/main/resources to target/classes
[INFO] Copying 23 resources from src/main/resources to target/classes
[INFO] 
[INFO] --- compiler:3.14.0:compile (default-compile) @ v1 ---
[INFO] Nothing to compile - all classes are up to date.
[INFO] 
[INFO] --- resources:3.3.1:testResources (default-testResources) @ v1 ---
[INFO] skip non existing resourceDirectory /home/dawilly/Desktop/Grace/v1/src/test/resources
[INFO] 
[INFO] --- compiler:3.14.0:testCompile (default-testCompile) @ v1 ---
[INFO] Nothing to compile - all classes are up to date.
[INFO] 
[INFO] <<< spring-boot:3.5.0:run (default-cli) < test-compile @ v1 <<<
[INFO] 
[INFO] 
[INFO] --- spring-boot:3.5.0:run (default-cli) @ v1 ---
[INFO] Attaching agents: []

  .   ____          _            __ _ _
 /\\ / ___'_ __ _ _(_)_ __  __ _ \ \ \ \
( ( )\___ | '_ | '_| | '_ \/ _` | \ \ \ \
 \\/  ___)| |_)| | | | | || (_| |  ) ) ) )
  '  |____| .__|_| |_|_| |_\__, | / / / /
 =========|_|==============|___/=/_/_/_/

 :: Spring Boot ::                (v3.5.0)

2025-06-13T02:28:45.730+03:00  INFO 429659 --- [EMS] [           main] c.e.v1.V1Application                     : Starting V1Application using Java 21.0.6 with PID 429659 (/home/dawilly/Desktop/Grace/v1/target/classes started by dawilly in /home/dawilly/Desktop/Grace/v1)
2025-06-13T02:28:45.732+03:00  INFO 429659 --- [EMS] [           main] c.e.v1.V1Application                     : No active profile set, falling back to 1 default profile: "default"
2025-06-13T02:28:46.591+03:00  INFO 429659 --- [EMS] [           main] .s.d.r.c.RepositoryConfigurationDelegate : Bootstrapping Spring Data JPA repositories in DEFAULT mode.
2025-06-13T02:28:46.647+03:00  INFO 429659 --- [EMS] [           main] .s.d.r.c.RepositoryConfigurationDelegate : Finished Spring Data repository scanning in 49 ms. Found 5 JPA repository interfaces.
2025-06-13T02:28:47.242+03:00  INFO 429659 --- [EMS] [           main] o.s.b.w.embedded.tomcat.TomcatWebServer  : Tomcat initialized with port 8080 (http)
2025-06-13T02:28:47.255+03:00  INFO 429659 --- [EMS] [           main] o.apache.catalina.core.StandardService   : Starting service [Tomcat]
2025-06-13T02:28:47.255+03:00  INFO 429659 --- [EMS] [           main] o.apache.catalina.core.StandardEngine    : Starting Servlet engine: [Apache Tomcat/10.1.41]
2025-06-13T02:28:47.295+03:00  INFO 429659 --- [EMS] [           main] o.a.c.c.C.[Tomcat].[localhost].[/]       : Initializing Spring embedded WebApplicationContext
2025-06-13T02:28:47.296+03:00  INFO 429659 --- [EMS] [           main] w.s.c.ServletWebServerApplicationContext : Root WebApplicationContext: initialization completed in 1296 ms
2025-06-13T02:28:47.475+03:00  INFO 429659 --- [EMS] [           main] o.hibernate.jpa.internal.util.LogHelper  : HHH000204: Processing PersistenceUnitInfo [name: default]
2025-06-13T02:28:47.511+03:00  INFO 429659 --- [EMS] [           main] org.hibernate.Version                    : HHH000412: Hibernate ORM core version 6.6.15.Final
2025-06-13T02:28:47.547+03:00  INFO 429659 --- [EMS] [           main] o.h.c.internal.RegionFactoryInitiator    : HHH000026: Second-level cache disabled
2025-06-13T02:28:47.757+03:00  INFO 429659 --- [EMS] [           main] o.s.o.j.p.SpringPersistenceUnitInfo      : No LoadTimeWeaver setup: ignoring JPA class transformer
2025-06-13T02:28:47.781+03:00  INFO 429659 --- [EMS] [           main] com.zaxxer.hikari.HikariDataSource       : HikariPool-1 - Starting...
2025-06-13T02:28:47.923+03:00  INFO 429659 --- [EMS] [           main] com.zaxxer.hikari.pool.HikariPool        : HikariPool-1 - Added connection com.mysql.cj.jdbc.ConnectionImpl@59a5bb61
2025-06-13T02:28:47.924+03:00  INFO 429659 --- [EMS] [           main] com.zaxxer.hikari.HikariDataSource       : HikariPool-1 - Start completed.
2025-06-13T02:28:47.957+03:00  WARN 429659 --- [EMS] [           main] org.hibernate.dialect.Dialect            : HHH000511: The 5.5.5 version for [org.hibernate.dialect.MySQLDialect] is no longer supported, hence certain features may not work properly. The minimum supported version is 8.0.0. Check the community dialects project for available legacy versions.
2025-06-13T02:28:47.960+03:00  WARN 429659 --- [EMS] [           main] org.hibernate.orm.deprecation            : HHH90000025: MySQLDialect does not need to be specified explicitly using 'hibernate.dialect' (remove the property setting and it will be selected by default)
2025-06-13T02:28:47.974+03:00  INFO 429659 --- [EMS] [           main] org.hibernate.orm.connections.pooling    : HHH10001005: Database info:
	Database JDBC URL [Connecting through datasource 'HikariDataSource (HikariPool-1)']
	Database driver: undefined/unknown
	Database version: 5.5.5
	Autocommit mode: undefined/unknown
	Isolation level: undefined/unknown
	Minimum pool size: undefined/unknown
	Maximum pool size: undefined/unknown
2025-06-13T02:28:48.749+03:00  INFO 429659 --- [EMS] [           main] o.h.e.t.j.p.i.JtaPlatformInitiator       : HHH000489: No JTA platform available (set 'hibernate.transaction.jta.platform' to enable JTA platform integration)
Hibernate: 
    alter table users 
       modify column role enum ('ADMIN','EMPLOYEE','HR') not null
2025-06-13T02:28:48.890+03:00  INFO 429659 --- [EMS] [           main] j.LocalContainerEntityManagerFactoryBean : Initialized JPA EntityManagerFactory for persistence unit 'default'
2025-06-13T02:28:49.173+03:00  INFO 429659 --- [EMS] [           main] o.s.d.j.r.query.QueryEnhancerFactory     : Hibernate is in classpath; If applicable, HQL parser will be used.
2025-06-13T02:28:51.340+03:00  WARN 429659 --- [EMS] [           main] JpaBaseConfiguration$JpaWebConfiguration : spring.jpa.open-in-view is enabled by default. Therefore, database queries may be performed during view rendering. Explicitly configure spring.jpa.open-in-view to disable this warning
2025-06-13T02:28:51.655+03:00  INFO 429659 --- [EMS] [           main] r$InitializeUserDetailsManagerConfigurer : Global AuthenticationManager configured with UserDetailsService bean with name userService
2025-06-13T02:28:52.159+03:00  INFO 429659 --- [EMS] [           main] o.s.b.w.embedded.tomcat.TomcatWebServer  : Tomcat started on port 8080 (http) with context path '/'
2025-06-13T02:28:52.170+03:00  INFO 429659 --- [EMS] [           main] c.e.v1.V1Application                     : Started V1Application in 6.958 seconds (process running for 7.327)
Hibernate: 
    select
        u1_0.id 
    from
        users u1_0 
    where
        u1_0.username=? 
    limit
        ?
2025-06-13T02:28:52.264+03:00  INFO 429659 --- [EMS] [           main] c.e.v1.config.DataLoader                 : Default users already exist
Hibernate: 
    select
        u1_0.id 
    from
        users u1_0 
    where
        u1_0.username=? 
    limit
        ?
Hibernate: 
    select
        u1_0.id 
    from
        users u1_0 
    where
        u1_0.username=? 
    limit
        ?
Hibernate: 
    select
        u1_0.id 
    from
        users u1_0 
    where
        u1_0.username=? 
    limit
        ?
Hibernate: 
    select
        u1_0.id 
    from
        users u1_0 
    where
        u1_0.username=? 
    limit
        ?
Hibernate: 
    select
        u1_0.id 
    from
        users u1_0 
    where
        u1_0.username=? 
    limit
        ?
2025-06-13T02:28:52.280+03:00  INFO 429659 --- [EMS] [           main] c.e.v1.config.DataLoader                 : Sample employee users processed
Hibernate: 
    select
        e1_0.id 
    from
        employees e1_0 
    where
        e1_0.employee_id=? 
    limit
        ?
2025-06-13T02:28:52.286+03:00  INFO 429659 --- [EMS] [           main] c.e.v1.config.DataLoader                 : Sample employees already exist or error occurred: Employee ID already exists
Hibernate: 
    select
        e1_0.id,
        e1_0.address,
        e1_0.avatar_color,
        e1_0.created_at,
        e1_0.date_of_joining,
        e1_0.department,
        e1_0.email,
        e1_0.employee_id,
        e1_0.full_name,
        e1_0.phone,
        e1_0.position,
        e1_0.salary,
        e1_0.status,
        e1_0.updated_at 
    from
        employees e1_0 
    where
        e1_0.status=?
2025-06-13T02:28:52.338+03:00  INFO 429659 --- [EMS] [           main] c.e.v1.config.DataLoader                 : Creating sample leave requests for 7 employees
Hibernate: 
    insert 
    into
        leave_requests
        (approved_at, approved_by, created_at, employee_id, end_date, leave_type, manager_comments, reason, start_date, status, updated_at) 
    values
        (?, ?, ?, ?, ?, ?, ?, ?, ?, ?, ?)
2025-06-13T02:28:52.380+03:00  INFO 429659 --- [EMS] [           main] c.e.v1.config.DataLoader                 : Created leave request for John Doe
Hibernate: 
    insert 
    into
        leave_requests
        (approved_at, approved_by, created_at, employee_id, end_date, leave_type, manager_comments, reason, start_date, status, updated_at) 
    values
        (?, ?, ?, ?, ?, ?, ?, ?, ?, ?, ?)
2025-06-13T02:28:52.394+03:00  INFO 429659 --- [EMS] [           main] c.e.v1.config.DataLoader                 : Created leave request for Sarah Johnson
Hibernate: 
    insert 
    into
        leave_requests
        (approved_at, approved_by, created_at, employee_id, end_date, leave_type, manager_comments, reason, start_date, status, updated_at) 
    values
        (?, ?, ?, ?, ?, ?, ?, ?, ?, ?, ?)
2025-06-13T02:28:52.405+03:00  INFO 429659 --- [EMS] [           main] c.e.v1.config.DataLoader                 : Created leave request for Michael Brown
Hibernate: 
    insert 
    into
        leave_requests
        (approved_at, approved_by, created_at, employee_id, end_date, leave_type, manager_comments, reason, start_date, status, updated_at) 
    values
        (?, ?, ?, ?, ?, ?, ?, ?, ?, ?, ?)
2025-06-13T02:28:52.421+03:00  INFO 429659 --- [EMS] [           main] c.e.v1.config.DataLoader                 : Created leave request for Emily Davis
Hibernate: 
    insert 
    into
        leave_requests
        (approved_at, approved_by, created_at, employee_id, end_date, leave_type, manager_comments, reason, start_date, status, updated_at) 
    values
        (?, ?, ?, ?, ?, ?, ?, ?, ?, ?, ?)
2025-06-13T02:28:52.433+03:00  INFO 429659 --- [EMS] [           main] c.e.v1.config.DataLoader                 : Created leave request for Robert Wilson
2025-06-13T02:28:52.433+03:00  INFO 429659 --- [EMS] [           main] c.e.v1.config.DataLoader                 : Sample leave requests created successfully - Total: 5
2025-06-13T02:28:52.433+03:00  INFO 429659 --- [EMS] [           main] c.e.v1.config.DataLoader                 : Initial data loaded successfully
2025-06-13T02:29:49.454+03:00  INFO 429659 --- [EMS] [nio-8080-exec-1] o.a.c.c.C.[Tomcat].[localhost].[/]       : Initializing Spring DispatcherServlet 'dispatcherServlet'
2025-06-13T02:29:49.454+03:00  INFO 429659 --- [EMS] [nio-8080-exec-1] o.s.web.servlet.DispatcherServlet        : Initializing Servlet 'dispatcherServlet'
2025-06-13T02:29:49.455+03:00  INFO 429659 --- [EMS] [nio-8080-exec-1] o.s.web.servlet.DispatcherServlet        : Completed initialization in 1 ms
Hibernate: 
    select
        u1_0.id,
        u1_0.email,
        u1_0.enabled,
        u1_0.password,
        u1_0.role,
        u1_0.username 
    from
        users u1_0 
    where
        u1_0.username=?
Hibernate: 
    select
        lr1_0.id,
        lr1_0.approved_at,
        lr1_0.approved_by,
        lr1_0.created_at,
        lr1_0.employee_id,
        lr1_0.end_date,
        lr1_0.leave_type,
        lr1_0.manager_comments,
        lr1_0.reason,
        lr1_0.start_date,
        lr1_0.status,
        lr1_0.updated_at 
    from
        leave_requests lr1_0 
    order by
        lr1_0.created_at desc 
    limit
        ?, ?
Hibernate: 
    select
        count(lr1_0.id) 
    from
        leave_requests lr1_0
Hibernate: 
    select
        lr1_0.id,
        lr1_0.approved_at,
        lr1_0.approved_by,
        lr1_0.created_at,
        lr1_0.employee_id,
        lr1_0.end_date,
        lr1_0.leave_type,
        lr1_0.manager_comments,
        lr1_0.reason,
        lr1_0.start_date,
        lr1_0.status,
        lr1_0.updated_at 
    from
        leave_requests lr1_0 
    where
        lr1_0.status=? 
    order by
        lr1_0.created_at desc
Hibernate: 
    select
        lr1_0.id,
        lr1_0.approved_at,
        lr1_0.approved_by,
        lr1_0.created_at,
        lr1_0.employee_id,
        lr1_0.end_date,
        lr1_0.leave_type,
        lr1_0.manager_comments,
        lr1_0.reason,
        lr1_0.start_date,
        lr1_0.status,
        lr1_0.updated_at 
    from
        leave_requests lr1_0 
    where
        lr1_0.status=?
Hibernate: 
    select
        lr1_0.id,
        lr1_0.approved_at,
        lr1_0.approved_by,
        lr1_0.created_at,
        lr1_0.employee_id,
        lr1_0.end_date,
        lr1_0.leave_type,
        lr1_0.manager_comments,
        lr1_0.reason,
        lr1_0.start_date,
        lr1_0.status,
        lr1_0.updated_at 
    from
        leave_requests lr1_0 
    where
        lr1_0.status=?
Hibernate: 
    select
        e1_0.id,
        e1_0.address,
        e1_0.avatar_color,
        e1_0.created_at,
        e1_0.date_of_joining,
        e1_0.department,
        e1_0.email,
        e1_0.employee_id,
        e1_0.full_name,
        e1_0.phone,
        e1_0.position,
        e1_0.salary,
        e1_0.status,
        e1_0.updated_at 
    from
        employees e1_0 
    where
        e1_0.id=?
Hibernate: 
    select
        e1_0.id,
        e1_0.address,
        e1_0.avatar_color,
        e1_0.created_at,
        e1_0.date_of_joining,
        e1_0.department,
        e1_0.email,
        e1_0.employee_id,
        e1_0.full_name,
        e1_0.phone,
        e1_0.position,
        e1_0.salary,
        e1_0.status,
        e1_0.updated_at 
    from
        employees e1_0 
    where
        e1_0.id=?
Hibernate: 
    select
        e1_0.id,
        e1_0.address,
        e1_0.avatar_color,
        e1_0.created_at,
        e1_0.date_of_joining,
        e1_0.department,
        e1_0.email,
        e1_0.employee_id,
        e1_0.full_name,
        e1_0.phone,
        e1_0.position,
        e1_0.salary,
        e1_0.status,
        e1_0.updated_at 
    from
        employees e1_0 
    where
        e1_0.id=?
Hibernate: 
    select
        e1_0.id,
        e1_0.address,
        e1_0.avatar_color,
        e1_0.created_at,
        e1_0.date_of_joining,
        e1_0.department,
        e1_0.email,
        e1_0.employee_id,
        e1_0.full_name,
        e1_0.phone,
        e1_0.position,
        e1_0.salary,
        e1_0.status,
        e1_0.updated_at 
    from
        employees e1_0 
    where
        e1_0.id=?
Hibernate: 
    select
        e1_0.id,
        e1_0.address,
        e1_0.avatar_color,
        e1_0.created_at,
        e1_0.date_of_joining,
        e1_0.department,
        e1_0.email,
        e1_0.employee_id,
        e1_0.full_name,
        e1_0.phone,
        e1_0.position,
        e1_0.salary,
        e1_0.status,
        e1_0.updated_at 
    from
        employees e1_0 
    where
        e1_0.id=?
Hibernate: 
    select
        lr1_0.id,
        lr1_0.approved_at,
        lr1_0.approved_by,
        lr1_0.created_at,
        lr1_0.employee_id,
        lr1_0.end_date,
        lr1_0.leave_type,
        lr1_0.manager_comments,
        lr1_0.reason,
        lr1_0.start_date,
        lr1_0.status,
        lr1_0.updated_at 
    from
        leave_requests lr1_0 
    order by
        lr1_0.created_at desc 
    limit
        ?, ?
Hibernate: 
    select
        count(lr1_0.id) 
    from
        leave_requests lr1_0
Hibernate: 
    select
        lr1_0.id,
        lr1_0.approved_at,
        lr1_0.approved_by,
        lr1_0.created_at,
        lr1_0.employee_id,
        lr1_0.end_date,
        lr1_0.leave_type,
        lr1_0.manager_comments,
        lr1_0.reason,
        lr1_0.start_date,
        lr1_0.status,
        lr1_0.updated_at 
    from
        leave_requests lr1_0 
    where
        lr1_0.status=? 
    order by
        lr1_0.created_at desc
Hibernate: 
    select
        lr1_0.id,
        lr1_0.approved_at,
        lr1_0.approved_by,
        lr1_0.created_at,
        lr1_0.employee_id,
        lr1_0.end_date,
        lr1_0.leave_type,
        lr1_0.manager_comments,
        lr1_0.reason,
        lr1_0.start_date,
        lr1_0.status,
        lr1_0.updated_at 
    from
        leave_requests lr1_0 
    where
        lr1_0.status=?
Hibernate: 
    select
        lr1_0.id,
        lr1_0.approved_at,
        lr1_0.approved_by,
        lr1_0.created_at,
        lr1_0.employee_id,
        lr1_0.end_date,
        lr1_0.leave_type,
        lr1_0.manager_comments,
        lr1_0.reason,
        lr1_0.start_date,
        lr1_0.status,
        lr1_0.updated_at 
    from
        leave_requests lr1_0 
    where
        lr1_0.status=?
Hibernate: 
    select
        e1_0.id,
        e1_0.address,
        e1_0.avatar_color,
        e1_0.created_at,
        e1_0.date_of_joining,
        e1_0.department,
        e1_0.email,
        e1_0.employee_id,
        e1_0.full_name,
        e1_0.phone,
        e1_0.position,
        e1_0.salary,
        e1_0.status,
        e1_0.updated_at 
    from
        employees e1_0 
    where
        e1_0.id=?
Hibernate: 
    select
        e1_0.id,
        e1_0.address,
        e1_0.avatar_color,
        e1_0.created_at,
        e1_0.date_of_joining,
        e1_0.department,
        e1_0.email,
        e1_0.employee_id,
        e1_0.full_name,
        e1_0.phone,
        e1_0.position,
        e1_0.salary,
        e1_0.status,
        e1_0.updated_at 
    from
        employees e1_0 
    where
        e1_0.id=?
Hibernate: 
    select
        e1_0.id,
        e1_0.address,
        e1_0.avatar_color,
        e1_0.created_at,
        e1_0.date_of_joining,
        e1_0.department,
        e1_0.email,
        e1_0.employee_id,
        e1_0.full_name,
        e1_0.phone,
        e1_0.position,
        e1_0.salary,
        e1_0.status,
        e1_0.updated_at 
    from
        employees e1_0 
    where
        e1_0.id=?
Hibernate: 
    select
        e1_0.id,
        e1_0.address,
        e1_0.avatar_color,
        e1_0.created_at,
        e1_0.date_of_joining,
        e1_0.department,
        e1_0.email,
        e1_0.employee_id,
        e1_0.full_name,
        e1_0.phone,
        e1_0.position,
        e1_0.salary,
        e1_0.status,
        e1_0.updated_at 
    from
        employees e1_0 
    where
        e1_0.id=?
Hibernate: 
    select
        e1_0.id,
        e1_0.address,
        e1_0.avatar_color,
        e1_0.created_at,
        e1_0.date_of_joining,
        e1_0.department,
        e1_0.email,
        e1_0.employee_id,
        e1_0.full_name,
        e1_0.phone,
        e1_0.position,
        e1_0.salary,
        e1_0.status,
        e1_0.updated_at 
    from
        employees e1_0 
    where
        e1_0.id=?
Hibernate: 
    select
        lr1_0.id,
        lr1_0.approved_at,
        lr1_0.approved_by,
        lr1_0.created_at,
        lr1_0.employee_id,
        lr1_0.end_date,
        lr1_0.leave_type,
        lr1_0.manager_comments,
        lr1_0.reason,
        lr1_0.start_date,
        lr1_0.status,
        lr1_0.updated_at 
    from
        leave_requests lr1_0 
    order by
        lr1_0.created_at desc 
    limit
        ?, ?
Hibernate: 
    select
        count(lr1_0.id) 
    from
        leave_requests lr1_0
Hibernate: 
    select
        lr1_0.id,
        lr1_0.approved_at,
        lr1_0.approved_by,
        lr1_0.created_at,
        lr1_0.employee_id,
        lr1_0.end_date,
        lr1_0.leave_type,
        lr1_0.manager_comments,
        lr1_0.reason,
        lr1_0.start_date,
        lr1_0.status,
        lr1_0.updated_at 
    from
        leave_requests lr1_0 
    where
        lr1_0.status=? 
    order by
        lr1_0.created_at desc
Hibernate: 
    select
        lr1_0.id,
        lr1_0.approved_at,
        lr1_0.approved_by,
        lr1_0.created_at,
        lr1_0.employee_id,
        lr1_0.end_date,
        lr1_0.leave_type,
        lr1_0.manager_comments,
        lr1_0.reason,
        lr1_0.start_date,
        lr1_0.status,
        lr1_0.updated_at 
    from
        leave_requests lr1_0 
    where
        lr1_0.status=?
Hibernate: 
    select
        lr1_0.id,
        lr1_0.approved_at,
        lr1_0.approved_by,
        lr1_0.created_at,
        lr1_0.employee_id,
        lr1_0.end_date,
        lr1_0.leave_type,
        lr1_0.manager_comments,
        lr1_0.reason,
        lr1_0.start_date,
        lr1_0.status,
        lr1_0.updated_at 
    from
        leave_requests lr1_0 
    where
        lr1_0.status=?
Hibernate: 
    select
        e1_0.id,
        e1_0.address,
        e1_0.avatar_color,
        e1_0.created_at,
        e1_0.date_of_joining,
        e1_0.department,
        e1_0.email,
        e1_0.employee_id,
        e1_0.full_name,
        e1_0.phone,
        e1_0.position,
        e1_0.salary,
        e1_0.status,
        e1_0.updated_at 
    from
        employees e1_0 
    where
        e1_0.id=?
Hibernate: 
    select
        e1_0.id,
        e1_0.address,
        e1_0.avatar_color,
        e1_0.created_at,
        e1_0.date_of_joining,
        e1_0.department,
        e1_0.email,
        e1_0.employee_id,
        e1_0.full_name,
        e1_0.phone,
        e1_0.position,
        e1_0.salary,
        e1_0.status,
        e1_0.updated_at 
    from
        employees e1_0 
    where
        e1_0.id=?
Hibernate: 
    select
        e1_0.id,
        e1_0.address,
        e1_0.avatar_color,
        e1_0.created_at,
        e1_0.date_of_joining,
        e1_0.department,
        e1_0.email,
        e1_0.employee_id,
        e1_0.full_name,
        e1_0.phone,
        e1_0.position,
        e1_0.salary,
        e1_0.status,
        e1_0.updated_at 
    from
        employees e1_0 
    where
        e1_0.id=?
Hibernate: 
    select
        e1_0.id,
        e1_0.address,
        e1_0.avatar_color,
        e1_0.created_at,
        e1_0.date_of_joining,
        e1_0.department,
        e1_0.email,
        e1_0.employee_id,
        e1_0.full_name,
        e1_0.phone,
        e1_0.position,
        e1_0.salary,
        e1_0.status,
        e1_0.updated_at 
    from
        employees e1_0 
    where
        e1_0.id=?
Hibernate: 
    select
        e1_0.id,
        e1_0.address,
        e1_0.avatar_color,
        e1_0.created_at,
        e1_0.date_of_joining,
        e1_0.department,
        e1_0.email,
        e1_0.employee_id,
        e1_0.full_name,
        e1_0.phone,
        e1_0.position,
        e1_0.salary,
        e1_0.status,
        e1_0.updated_at 
    from
        employees e1_0 
    where
        e1_0.id=?
Hibernate: 
    select
        lr1_0.id,
        lr1_0.approved_at,
        lr1_0.approved_by,
        lr1_0.created_at,
        lr1_0.employee_id,
        lr1_0.end_date,
        lr1_0.leave_type,
        lr1_0.manager_comments,
        lr1_0.reason,
        lr1_0.start_date,
        lr1_0.status,
        lr1_0.updated_at 
    from
        leave_requests lr1_0 
    order by
        lr1_0.created_at desc 
    limit
        ?, ?
Hibernate: 
    select
        count(lr1_0.id) 
    from
        leave_requests lr1_0
Hibernate: 
    select
        lr1_0.id,
        lr1_0.approved_at,
        lr1_0.approved_by,
        lr1_0.created_at,
        lr1_0.employee_id,
        lr1_0.end_date,
        lr1_0.leave_type,
        lr1_0.manager_comments,
        lr1_0.reason,
        lr1_0.start_date,
        lr1_0.status,
        lr1_0.updated_at 
    from
        leave_requests lr1_0 
    where
        lr1_0.status=? 
    order by
        lr1_0.created_at desc
Hibernate: 
    select
        lr1_0.id,
        lr1_0.approved_at,
        lr1_0.approved_by,
        lr1_0.created_at,
        lr1_0.employee_id,
        lr1_0.end_date,
        lr1_0.leave_type,
        lr1_0.manager_comments,
        lr1_0.reason,
        lr1_0.start_date,
        lr1_0.status,
        lr1_0.updated_at 
    from
        leave_requests lr1_0 
    where
        lr1_0.status=?
Hibernate: 
    select
        lr1_0.id,
        lr1_0.approved_at,
        lr1_0.approved_by,
        lr1_0.created_at,
        lr1_0.employee_id,
        lr1_0.end_date,
        lr1_0.leave_type,
        lr1_0.manager_comments,
        lr1_0.reason,
        lr1_0.start_date,
        lr1_0.status,
        lr1_0.updated_at 
    from
        leave_requests lr1_0 
    where
        lr1_0.status=?
Hibernate: 
    select
        e1_0.id,
        e1_0.address,
        e1_0.avatar_color,
        e1_0.created_at,
        e1_0.date_of_joining,
        e1_0.department,
        e1_0.email,
        e1_0.employee_id,
        e1_0.full_name,
        e1_0.phone,
        e1_0.position,
        e1_0.salary,
        e1_0.status,
        e1_0.updated_at 
    from
        employees e1_0 
    where
        e1_0.id=?
Hibernate: 
    select
        e1_0.id,
        e1_0.address,
        e1_0.avatar_color,
        e1_0.created_at,
        e1_0.date_of_joining,
        e1_0.department,
        e1_0.email,
        e1_0.employee_id,
        e1_0.full_name,
        e1_0.phone,
        e1_0.position,
        e1_0.salary,
        e1_0.status,
        e1_0.updated_at 
    from
        employees e1_0 
    where
        e1_0.id=?
Hibernate: 
    select
        e1_0.id,
        e1_0.address,
        e1_0.avatar_color,
        e1_0.created_at,
        e1_0.date_of_joining,
        e1_0.department,
        e1_0.email,
        e1_0.employee_id,
        e1_0.full_name,
        e1_0.phone,
        e1_0.position,
        e1_0.salary,
        e1_0.status,
        e1_0.updated_at 
    from
        employees e1_0 
    where
        e1_0.id=?
Hibernate: 
    select
        e1_0.id,
        e1_0.address,
        e1_0.avatar_color,
        e1_0.created_at,
        e1_0.date_of_joining,
        e1_0.department,
        e1_0.email,
        e1_0.employee_id,
        e1_0.full_name,
        e1_0.phone,
        e1_0.position,
        e1_0.salary,
        e1_0.status,
        e1_0.updated_at 
    from
        employees e1_0 
    where
        e1_0.id=?
Hibernate: 
    select
        e1_0.id,
        e1_0.address,
        e1_0.avatar_color,
        e1_0.created_at,
        e1_0.date_of_joining,
        e1_0.department,
        e1_0.email,
        e1_0.employee_id,
        e1_0.full_name,
        e1_0.phone,
        e1_0.position,
        e1_0.salary,
        e1_0.status,
        e1_0.updated_at 
    from
        employees e1_0 
    where
        e1_0.id=?
Hibernate: 
    select
        u1_0.id,
        u1_0.email,
        u1_0.enabled,
        u1_0.password,
        u1_0.role,
        u1_0.username 
    from
        users u1_0 
    where
        u1_0.username=?
Hibernate: 
    select
        lr1_0.id,
        lr1_0.approved_at,
        lr1_0.approved_by,
        lr1_0.created_at,
        lr1_0.employee_id,
        lr1_0.end_date,
        lr1_0.leave_type,
        lr1_0.manager_comments,
        lr1_0.reason,
        lr1_0.start_date,
        lr1_0.status,
        lr1_0.updated_at 
    from
        leave_requests lr1_0 
    order by
        lr1_0.created_at desc 
    limit
        ?, ?
Hibernate: 
    select
        count(lr1_0.id) 
    from
        leave_requests lr1_0
Hibernate: 
    select
        lr1_0.id,
        lr1_0.approved_at,
        lr1_0.approved_by,
        lr1_0.created_at,
        lr1_0.employee_id,
        lr1_0.end_date,
        lr1_0.leave_type,
        lr1_0.manager_comments,
        lr1_0.reason,
        lr1_0.start_date,
        lr1_0.status,
        lr1_0.updated_at 
    from
        leave_requests lr1_0 
    where
        lr1_0.status=? 
    order by
        lr1_0.created_at desc
Hibernate: 
    select
        lr1_0.id,
        lr1_0.approved_at,
        lr1_0.approved_by,
        lr1_0.created_at,
        lr1_0.employee_id,
        lr1_0.end_date,
        lr1_0.leave_type,
        lr1_0.manager_comments,
        lr1_0.reason,
        lr1_0.start_date,
        lr1_0.status,
        lr1_0.updated_at 
    from
        leave_requests lr1_0 
    where
        lr1_0.status=?
Hibernate: 
    select
        lr1_0.id,
        lr1_0.approved_at,
        lr1_0.approved_by,
        lr1_0.created_at,
        lr1_0.employee_id,
        lr1_0.end_date,
        lr1_0.leave_type,
        lr1_0.manager_comments,
        lr1_0.reason,
        lr1_0.start_date,
        lr1_0.status,
        lr1_0.updated_at 
    from
        leave_requests lr1_0 
    where
        lr1_0.status=?
Hibernate: 
    select
        e1_0.id,
        e1_0.address,
        e1_0.avatar_color,
        e1_0.created_at,
        e1_0.date_of_joining,
        e1_0.department,
        e1_0.email,
        e1_0.employee_id,
        e1_0.full_name,
        e1_0.phone,
        e1_0.position,
        e1_0.salary,
        e1_0.status,
        e1_0.updated_at 
    from
        employees e1_0 
    where
        e1_0.id=?
Hibernate: 
    select
        e1_0.id,
        e1_0.address,
        e1_0.avatar_color,
        e1_0.created_at,
        e1_0.date_of_joining,
        e1_0.department,
        e1_0.email,
        e1_0.employee_id,
        e1_0.full_name,
        e1_0.phone,
        e1_0.position,
        e1_0.salary,
        e1_0.status,
        e1_0.updated_at 
    from
        employees e1_0 
    where
        e1_0.id=?
Hibernate: 
    select
        e1_0.id,
        e1_0.address,
        e1_0.avatar_color,
        e1_0.created_at,
        e1_0.date_of_joining,
        e1_0.department,
        e1_0.email,
        e1_0.employee_id,
        e1_0.full_name,
        e1_0.phone,
        e1_0.position,
        e1_0.salary,
        e1_0.status,
        e1_0.updated_at 
    from
        employees e1_0 
    where
        e1_0.id=?
Hibernate: 
    select
        e1_0.id,
        e1_0.address,
        e1_0.avatar_color,
        e1_0.created_at,
        e1_0.date_of_joining,
        e1_0.department,
        e1_0.email,
        e1_0.employee_id,
        e1_0.full_name,
        e1_0.phone,
        e1_0.position,
        e1_0.salary,
        e1_0.status,
        e1_0.updated_at 
    from
        employees e1_0 
    where
        e1_0.id=?
Hibernate: 
    select
        e1_0.id,
        e1_0.address,
        e1_0.avatar_color,
        e1_0.created_at,
        e1_0.date_of_joining,
        e1_0.department,
        e1_0.email,
        e1_0.employee_id,
        e1_0.full_name,
        e1_0.phone,
        e1_0.position,
        e1_0.salary,
        e1_0.status,
        e1_0.updated_at 
    from
        employees e1_0 
    where
        e1_0.id=?
Hibernate: 
    select
        lr1_0.id,
        lr1_0.approved_at,
        lr1_0.approved_by,
        lr1_0.created_at,
        lr1_0.employee_id,
        lr1_0.end_date,
        lr1_0.leave_type,
        lr1_0.manager_comments,
        lr1_0.reason,
        lr1_0.start_date,
        lr1_0.status,
        lr1_0.updated_at 
    from
        leave_requests lr1_0 
    order by
        lr1_0.created_at desc 
    limit
        ?, ?
Hibernate: 
    select
        count(lr1_0.id) 
    from
        leave_requests lr1_0
Hibernate: 
    select
        lr1_0.id,
        lr1_0.approved_at,
        lr1_0.approved_by,
        lr1_0.created_at,
        lr1_0.employee_id,
        lr1_0.end_date,
        lr1_0.leave_type,
        lr1_0.manager_comments,
        lr1_0.reason,
        lr1_0.start_date,
        lr1_0.status,
        lr1_0.updated_at 
    from
        leave_requests lr1_0 
    where
        lr1_0.status=? 
    order by
        lr1_0.created_at desc
Hibernate: 
    select
        lr1_0.id,
        lr1_0.approved_at,
        lr1_0.approved_by,
        lr1_0.created_at,
        lr1_0.employee_id,
        lr1_0.end_date,
        lr1_0.leave_type,
        lr1_0.manager_comments,
        lr1_0.reason,
        lr1_0.start_date,
        lr1_0.status,
        lr1_0.updated_at 
    from
        leave_requests lr1_0 
    where
        lr1_0.status=?
Hibernate: 
    select
        lr1_0.id,
        lr1_0.approved_at,
        lr1_0.approved_by,
        lr1_0.created_at,
        lr1_0.employee_id,
        lr1_0.end_date,
        lr1_0.leave_type,
        lr1_0.manager_comments,
        lr1_0.reason,
        lr1_0.start_date,
        lr1_0.status,
        lr1_0.updated_at 
    from
        leave_requests lr1_0 
    where
        lr1_0.status=?
Hibernate: 
    select
        e1_0.id,
        e1_0.address,
        e1_0.avatar_color,
        e1_0.created_at,
        e1_0.date_of_joining,
        e1_0.department,
        e1_0.email,
        e1_0.employee_id,
        e1_0.full_name,
        e1_0.phone,
        e1_0.position,
        e1_0.salary,
        e1_0.status,
        e1_0.updated_at 
    from
        employees e1_0 
    where
        e1_0.id=?
Hibernate: 
    select
        e1_0.id,
        e1_0.address,
        e1_0.avatar_color,
        e1_0.created_at,
        e1_0.date_of_joining,
        e1_0.department,
        e1_0.email,
        e1_0.employee_id,
        e1_0.full_name,
        e1_0.phone,
        e1_0.position,
        e1_0.salary,
        e1_0.status,
        e1_0.updated_at 
    from
        employees e1_0 
    where
        e1_0.id=?
Hibernate: 
    select
        e1_0.id,
        e1_0.address,
        e1_0.avatar_color,
        e1_0.created_at,
        e1_0.date_of_joining,
        e1_0.department,
        e1_0.email,
        e1_0.employee_id,
        e1_0.full_name,
        e1_0.phone,
        e1_0.position,
        e1_0.salary,
        e1_0.status,
        e1_0.updated_at 
    from
        employees e1_0 
    where
        e1_0.id=?
Hibernate: 
    select
        e1_0.id,
        e1_0.address,
        e1_0.avatar_color,
        e1_0.created_at,
        e1_0.date_of_joining,
        e1_0.department,
        e1_0.email,
        e1_0.employee_id,
        e1_0.full_name,
        e1_0.phone,
        e1_0.position,
        e1_0.salary,
        e1_0.status,
        e1_0.updated_at 
    from
        employees e1_0 
    where
        e1_0.id=?
Hibernate: 
    select
        e1_0.id,
        e1_0.address,
        e1_0.avatar_color,
        e1_0.created_at,
        e1_0.date_of_joining,
        e1_0.department,
        e1_0.email,
        e1_0.employee_id,
        e1_0.full_name,
        e1_0.phone,
        e1_0.position,
        e1_0.salary,
        e1_0.status,
        e1_0.updated_at 
    from
        employees e1_0 
    where
        e1_0.id=?
Hibernate: 
    select
        lr1_0.id,
        lr1_0.approved_at,
        lr1_0.approved_by,
        lr1_0.created_at,
        lr1_0.employee_id,
        lr1_0.end_date,
        lr1_0.leave_type,
        lr1_0.manager_comments,
        lr1_0.reason,
        lr1_0.start_date,
        lr1_0.status,
        lr1_0.updated_at 
    from
        leave_requests lr1_0 
    order by
        lr1_0.created_at desc 
    limit
        ?, ?
Hibernate: 
    select
        count(lr1_0.id) 
    from
        leave_requests lr1_0
Hibernate: 
    select
        lr1_0.id,
        lr1_0.approved_at,
        lr1_0.approved_by,
        lr1_0.created_at,
        lr1_0.employee_id,
        lr1_0.end_date,
        lr1_0.leave_type,
        lr1_0.manager_comments,
        lr1_0.reason,
        lr1_0.start_date,
        lr1_0.status,
        lr1_0.updated_at 
    from
        leave_requests lr1_0 
    where
        lr1_0.status=? 
    order by
        lr1_0.created_at desc
Hibernate: 
    select
        lr1_0.id,
        lr1_0.approved_at,
        lr1_0.approved_by,
        lr1_0.created_at,
        lr1_0.employee_id,
        lr1_0.end_date,
        lr1_0.leave_type,
        lr1_0.manager_comments,
        lr1_0.reason,
        lr1_0.start_date,
        lr1_0.status,
        lr1_0.updated_at 
    from
        leave_requests lr1_0 
    where
        lr1_0.status=?
Hibernate: 
    select
        lr1_0.id,
        lr1_0.approved_at,
        lr1_0.approved_by,
        lr1_0.created_at,
        lr1_0.employee_id,
        lr1_0.end_date,
        lr1_0.leave_type,
        lr1_0.manager_comments,
        lr1_0.reason,
        lr1_0.start_date,
        lr1_0.status,
        lr1_0.updated_at 
    from
        leave_requests lr1_0 
    where
        lr1_0.status=?
Hibernate: 
    select
        e1_0.id,
        e1_0.address,
        e1_0.avatar_color,
        e1_0.created_at,
        e1_0.date_of_joining,
        e1_0.department,
        e1_0.email,
        e1_0.employee_id,
        e1_0.full_name,
        e1_0.phone,
        e1_0.position,
        e1_0.salary,
        e1_0.status,
        e1_0.updated_at 
    from
        employees e1_0 
    where
        e1_0.id=?
Hibernate: 
    select
        e1_0.id,
        e1_0.address,
        e1_0.avatar_color,
        e1_0.created_at,
        e1_0.date_of_joining,
        e1_0.department,
        e1_0.email,
        e1_0.employee_id,
        e1_0.full_name,
        e1_0.phone,
        e1_0.position,
        e1_0.salary,
        e1_0.status,
        e1_0.updated_at 
    from
        employees e1_0 
    where
        e1_0.id=?
Hibernate: 
    select
        e1_0.id,
        e1_0.address,
        e1_0.avatar_color,
        e1_0.created_at,
        e1_0.date_of_joining,
        e1_0.department,
        e1_0.email,
        e1_0.employee_id,
        e1_0.full_name,
        e1_0.phone,
        e1_0.position,
        e1_0.salary,
        e1_0.status,
        e1_0.updated_at 
    from
        employees e1_0 
    where
        e1_0.id=?
Hibernate: 
    select
        e1_0.id,
        e1_0.address,
        e1_0.avatar_color,
        e1_0.created_at,
        e1_0.date_of_joining,
        e1_0.department,
        e1_0.email,
        e1_0.employee_id,
        e1_0.full_name,
        e1_0.phone,
        e1_0.position,
        e1_0.salary,
        e1_0.status,
        e1_0.updated_at 
    from
        employees e1_0 
    where
        e1_0.id=?
Hibernate: 
    select
        e1_0.id,
        e1_0.address,
        e1_0.avatar_color,
        e1_0.created_at,
        e1_0.date_of_joining,
        e1_0.department,
        e1_0.email,
        e1_0.employee_id,
        e1_0.full_name,
        e1_0.phone,
        e1_0.position,
        e1_0.salary,
        e1_0.status,
        e1_0.updated_at 
    from
        employees e1_0 
    where
        e1_0.id=?
Hibernate: 
    select
        lr1_0.id,
        lr1_0.approved_at,
        lr1_0.approved_by,
        lr1_0.created_at,
        lr1_0.employee_id,
        lr1_0.end_date,
        lr1_0.leave_type,
        lr1_0.manager_comments,
        lr1_0.reason,
        lr1_0.start_date,
        lr1_0.status,
        lr1_0.updated_at 
    from
        leave_requests lr1_0 
    order by
        lr1_0.created_at desc 
    limit
        ?, ?
Hibernate: 
    select
        count(lr1_0.id) 
    from
        leave_requests lr1_0
Hibernate: 
    select
        lr1_0.id,
        lr1_0.approved_at,
        lr1_0.approved_by,
        lr1_0.created_at,
        lr1_0.employee_id,
        lr1_0.end_date,
        lr1_0.leave_type,
        lr1_0.manager_comments,
        lr1_0.reason,
        lr1_0.start_date,
        lr1_0.status,
        lr1_0.updated_at 
    from
        leave_requests lr1_0 
    where
        lr1_0.status=? 
    order by
        lr1_0.created_at desc
Hibernate: 
    select
        lr1_0.id,
        lr1_0.approved_at,
        lr1_0.approved_by,
        lr1_0.created_at,
        lr1_0.employee_id,
        lr1_0.end_date,
        lr1_0.leave_type,
        lr1_0.manager_comments,
        lr1_0.reason,
        lr1_0.start_date,
        lr1_0.status,
        lr1_0.updated_at 
    from
        leave_requests lr1_0 
    where
        lr1_0.status=?
Hibernate: 
    select
        lr1_0.id,
        lr1_0.approved_at,
        lr1_0.approved_by,
        lr1_0.created_at,
        lr1_0.employee_id,
        lr1_0.end_date,
        lr1_0.leave_type,
        lr1_0.manager_comments,
        lr1_0.reason,
        lr1_0.start_date,
        lr1_0.status,
        lr1_0.updated_at 
    from
        leave_requests lr1_0 
    where
        lr1_0.status=?
Hibernate: 
    select
        e1_0.id,
        e1_0.address,
        e1_0.avatar_color,
        e1_0.created_at,
        e1_0.date_of_joining,
        e1_0.department,
        e1_0.email,
        e1_0.employee_id,
        e1_0.full_name,
        e1_0.phone,
        e1_0.position,
        e1_0.salary,
        e1_0.status,
        e1_0.updated_at 
    from
        employees e1_0 
    where
        e1_0.id=?
Hibernate: 
    select
        e1_0.id,
        e1_0.address,
        e1_0.avatar_color,
        e1_0.created_at,
        e1_0.date_of_joining,
        e1_0.department,
        e1_0.email,
        e1_0.employee_id,
        e1_0.full_name,
        e1_0.phone,
        e1_0.position,
        e1_0.salary,
        e1_0.status,
        e1_0.updated_at 
    from
        employees e1_0 
    where
        e1_0.id=?
Hibernate: 
    select
        e1_0.id,
        e1_0.address,
        e1_0.avatar_color,
        e1_0.created_at,
        e1_0.date_of_joining,
        e1_0.department,
        e1_0.email,
        e1_0.employee_id,
        e1_0.full_name,
        e1_0.phone,
        e1_0.position,
        e1_0.salary,
        e1_0.status,
        e1_0.updated_at 
    from
        employees e1_0 
    where
        e1_0.id=?
Hibernate: 
    select
        e1_0.id,
        e1_0.address,
        e1_0.avatar_color,
        e1_0.created_at,
        e1_0.date_of_joining,
        e1_0.department,
        e1_0.email,
        e1_0.employee_id,
        e1_0.full_name,
        e1_0.phone,
        e1_0.position,
        e1_0.salary,
        e1_0.status,
        e1_0.updated_at 
    from
        employees e1_0 
    where
        e1_0.id=?
Hibernate: 
    select
        e1_0.id,
        e1_0.address,
        e1_0.avatar_color,
        e1_0.created_at,
        e1_0.date_of_joining,
        e1_0.department,
        e1_0.email,
        e1_0.employee_id,
        e1_0.full_name,
        e1_0.phone,
        e1_0.position,
        e1_0.salary,
        e1_0.status,
        e1_0.updated_at 
    from
        employees e1_0 
    where
        e1_0.id=?
Hibernate: 
    select
        u1_0.id,
        u1_0.email,
        u1_0.enabled,
        u1_0.password,
        u1_0.role,
        u1_0.username 
    from
        users u1_0 
    where
        u1_0.username=?
Hibernate: 
    select
        lr1_0.id,
        lr1_0.approved_at,
        lr1_0.approved_by,
        lr1_0.created_at,
        lr1_0.employee_id,
        lr1_0.end_date,
        lr1_0.leave_type,
        lr1_0.manager_comments,
        lr1_0.reason,
        lr1_0.start_date,
        lr1_0.status,
        lr1_0.updated_at 
    from
        leave_requests lr1_0 
    order by
        lr1_0.created_at desc 
    limit
        ?, ?
Hibernate: 
    select
        count(lr1_0.id) 
    from
        leave_requests lr1_0
Hibernate: 
    select
        lr1_0.id,
        lr1_0.approved_at,
        lr1_0.approved_by,
        lr1_0.created_at,
        lr1_0.employee_id,
        lr1_0.end_date,
        lr1_0.leave_type,
        lr1_0.manager_comments,
        lr1_0.reason,
        lr1_0.start_date,
        lr1_0.status,
        lr1_0.updated_at 
    from
        leave_requests lr1_0 
    where
        lr1_0.status=? 
    order by
        lr1_0.created_at desc
Hibernate: 
    select
        lr1_0.id,
        lr1_0.approved_at,
        lr1_0.approved_by,
        lr1_0.created_at,
        lr1_0.employee_id,
        lr1_0.end_date,
        lr1_0.leave_type,
        lr1_0.manager_comments,
        lr1_0.reason,
        lr1_0.start_date,
        lr1_0.status,
        lr1_0.updated_at 
    from
        leave_requests lr1_0 
    where
        lr1_0.status=?
Hibernate: 
    select
        lr1_0.id,
        lr1_0.approved_at,
        lr1_0.approved_by,
        lr1_0.created_at,
        lr1_0.employee_id,
        lr1_0.end_date,
        lr1_0.leave_type,
        lr1_0.manager_comments,
        lr1_0.reason,
        lr1_0.start_date,
        lr1_0.status,
        lr1_0.updated_at 
    from
        leave_requests lr1_0 
    where
        lr1_0.status=?
Hibernate: 
    select
        e1_0.id,
        e1_0.address,
        e1_0.avatar_color,
        e1_0.created_at,
        e1_0.date_of_joining,
        e1_0.department,
        e1_0.email,
        e1_0.employee_id,
        e1_0.full_name,
        e1_0.phone,
        e1_0.position,
        e1_0.salary,
        e1_0.status,
        e1_0.updated_at 
    from
        employees e1_0 
    where
        e1_0.id=?
Hibernate: 
    select
        e1_0.id,
        e1_0.address,
        e1_0.avatar_color,
        e1_0.created_at,
        e1_0.date_of_joining,
        e1_0.department,
        e1_0.email,
        e1_0.employee_id,
        e1_0.full_name,
        e1_0.phone,
        e1_0.position,
        e1_0.salary,
        e1_0.status,
        e1_0.updated_at 
    from
        employees e1_0 
    where
        e1_0.id=?
Hibernate: 
    select
        e1_0.id,
        e1_0.address,
        e1_0.avatar_color,
        e1_0.created_at,
        e1_0.date_of_joining,
        e1_0.department,
        e1_0.email,
        e1_0.employee_id,
        e1_0.full_name,
        e1_0.phone,
        e1_0.position,
        e1_0.salary,
        e1_0.status,
        e1_0.updated_at 
    from
        employees e1_0 
    where
        e1_0.id=?
Hibernate: 
    select
        e1_0.id,
        e1_0.address,
        e1_0.avatar_color,
        e1_0.created_at,
        e1_0.date_of_joining,
        e1_0.department,
        e1_0.email,
        e1_0.employee_id,
        e1_0.full_name,
        e1_0.phone,
        e1_0.position,
        e1_0.salary,
        e1_0.status,
        e1_0.updated_at 
    from
        employees e1_0 
    where
        e1_0.id=?
Hibernate: 
    select
        e1_0.id,
        e1_0.address,
        e1_0.avatar_color,
        e1_0.created_at,
        e1_0.date_of_joining,
        e1_0.department,
        e1_0.email,
        e1_0.employee_id,
        e1_0.full_name,
        e1_0.phone,
        e1_0.position,
        e1_0.salary,
        e1_0.status,
        e1_0.updated_at 
    from
        employees e1_0 
    where
        e1_0.id=?
Hibernate: 
    select
        lr1_0.id,
        lr1_0.approved_at,
        lr1_0.approved_by,
        lr1_0.created_at,
        lr1_0.employee_id,
        lr1_0.end_date,
        lr1_0.leave_type,
        lr1_0.manager_comments,
        lr1_0.reason,
        lr1_0.start_date,
        lr1_0.status,
        lr1_0.updated_at 
    from
        leave_requests lr1_0 
    order by
        lr1_0.created_at desc 
    limit
        ?, ?
Hibernate: 
    select
        count(lr1_0.id) 
    from
        leave_requests lr1_0
Hibernate: 
    select
        lr1_0.id,
        lr1_0.approved_at,
        lr1_0.approved_by,
        lr1_0.created_at,
        lr1_0.employee_id,
        lr1_0.end_date,
        lr1_0.leave_type,
        lr1_0.manager_comments,
        lr1_0.reason,
        lr1_0.start_date,
        lr1_0.status,
        lr1_0.updated_at 
    from
        leave_requests lr1_0 
    where
        lr1_0.status=? 
    order by
        lr1_0.created_at desc
Hibernate: 
    select
        lr1_0.id,
        lr1_0.approved_at,
        lr1_0.approved_by,
        lr1_0.created_at,
        lr1_0.employee_id,
        lr1_0.end_date,
        lr1_0.leave_type,
        lr1_0.manager_comments,
        lr1_0.reason,
        lr1_0.start_date,
        lr1_0.status,
        lr1_0.updated_at 
    from
        leave_requests lr1_0 
    where
        lr1_0.status=?
Hibernate: 
    select
        lr1_0.id,
        lr1_0.approved_at,
        lr1_0.approved_by,
        lr1_0.created_at,
        lr1_0.employee_id,
        lr1_0.end_date,
        lr1_0.leave_type,
        lr1_0.manager_comments,
        lr1_0.reason,
        lr1_0.start_date,
        lr1_0.status,
        lr1_0.updated_at 
    from
        leave_requests lr1_0 
    where
        lr1_0.status=?
Hibernate: 
    select
        e1_0.id,
        e1_0.address,
        e1_0.avatar_color,
        e1_0.created_at,
        e1_0.date_of_joining,
        e1_0.department,
        e1_0.email,
        e1_0.employee_id,
        e1_0.full_name,
        e1_0.phone,
        e1_0.position,
        e1_0.salary,
        e1_0.status,
        e1_0.updated_at 
    from
        employees e1_0 
    where
        e1_0.id=?
Hibernate: 
    select
        e1_0.id,
        e1_0.address,
        e1_0.avatar_color,
        e1_0.created_at,
        e1_0.date_of_joining,
        e1_0.department,
        e1_0.email,
        e1_0.employee_id,
        e1_0.full_name,
        e1_0.phone,
        e1_0.position,
        e1_0.salary,
        e1_0.status,
        e1_0.updated_at 
    from
        employees e1_0 
    where
        e1_0.id=?
Hibernate: 
    select
        e1_0.id,
        e1_0.address,
        e1_0.avatar_color,
        e1_0.created_at,
        e1_0.date_of_joining,
        e1_0.department,
        e1_0.email,
        e1_0.employee_id,
        e1_0.full_name,
        e1_0.phone,
        e1_0.position,
        e1_0.salary,
        e1_0.status,
        e1_0.updated_at 
    from
        employees e1_0 
    where
        e1_0.id=?
Hibernate: 
    select
        e1_0.id,
        e1_0.address,
        e1_0.avatar_color,
        e1_0.created_at,
        e1_0.date_of_joining,
        e1_0.department,
        e1_0.email,
        e1_0.employee_id,
        e1_0.full_name,
        e1_0.phone,
        e1_0.position,
        e1_0.salary,
        e1_0.status,
        e1_0.updated_at 
    from
        employees e1_0 
    where
        e1_0.id=?
Hibernate: 
    select
        e1_0.id,
        e1_0.address,
        e1_0.avatar_color,
        e1_0.created_at,
        e1_0.date_of_joining,
        e1_0.department,
        e1_0.email,
        e1_0.employee_id,
        e1_0.full_name,
        e1_0.phone,
        e1_0.position,
        e1_0.salary,
        e1_0.status,
        e1_0.updated_at 
    from
        employees e1_0 
    where
        e1_0.id=?
Hibernate: 
    select
        u1_0.id,
        u1_0.email,
        u1_0.enabled,
        u1_0.password,
        u1_0.role,
        u1_0.username 
    from
        users u1_0 
    where
        u1_0.username=?
Hibernate: 
    select
        count(*) 
    from
        employees e1_0
Hibernate: 
    select
        count(e1_0.id) 
    from
        employees e1_0 
    where
        e1_0.status=?
Hibernate: 
    select
        distinct e1_0.department 
    from
        employees e1_0 
    where
        e1_0.department is not null 
    order by
        e1_0.department
Hibernate: 
    select
        lr1_0.id,
        lr1_0.approved_at,
        lr1_0.approved_by,
        lr1_0.created_at,
        lr1_0.employee_id,
        lr1_0.end_date,
        lr1_0.leave_type,
        lr1_0.manager_comments,
        lr1_0.reason,
        lr1_0.start_date,
        lr1_0.status,
        lr1_0.updated_at 
    from
        leave_requests lr1_0 
    order by
        lr1_0.created_at desc 
    limit
        ?, ?
Hibernate: 
    select
        count(lr1_0.id) 
    from
        leave_requests lr1_0
Hibernate: 
    select
        lr1_0.id,
        lr1_0.approved_at,
        lr1_0.approved_by,
        lr1_0.created_at,
        lr1_0.employee_id,
        lr1_0.end_date,
        lr1_0.leave_type,
        lr1_0.manager_comments,
        lr1_0.reason,
        lr1_0.start_date,
        lr1_0.status,
        lr1_0.updated_at 
    from
        leave_requests lr1_0 
    where
        lr1_0.status=? 
    order by
        lr1_0.created_at desc
Hibernate: 
    select
        lr1_0.id,
        lr1_0.approved_at,
        lr1_0.approved_by,
        lr1_0.created_at,
        lr1_0.employee_id,
        lr1_0.end_date,
        lr1_0.leave_type,
        lr1_0.manager_comments,
        lr1_0.reason,
        lr1_0.start_date,
        lr1_0.status,
        lr1_0.updated_at 
    from
        leave_requests lr1_0 
    where
        lr1_0.status=?
Hibernate: 
    select
        lr1_0.id,
        lr1_0.approved_at,
        lr1_0.approved_by,
        lr1_0.created_at,
        lr1_0.employee_id,
        lr1_0.end_date,
        lr1_0.leave_type,
        lr1_0.manager_comments,
        lr1_0.reason,
        lr1_0.start_date,
        lr1_0.status,
        lr1_0.updated_at 
    from
        leave_requests lr1_0 
    where
        lr1_0.status=?
Hibernate: 
    select
        e1_0.id,
        e1_0.address,
        e1_0.avatar_color,
        e1_0.created_at,
        e1_0.date_of_joining,
        e1_0.department,
        e1_0.email,
        e1_0.employee_id,
        e1_0.full_name,
        e1_0.phone,
        e1_0.position,
        e1_0.salary,
        e1_0.status,
        e1_0.updated_at 
    from
        employees e1_0 
    where
        e1_0.id=?
Hibernate: 
    select
        e1_0.id,
        e1_0.address,
        e1_0.avatar_color,
        e1_0.created_at,
        e1_0.date_of_joining,
        e1_0.department,
        e1_0.email,
        e1_0.employee_id,
        e1_0.full_name,
        e1_0.phone,
        e1_0.position,
        e1_0.salary,
        e1_0.status,
        e1_0.updated_at 
    from
        employees e1_0 
    where
        e1_0.id=?
Hibernate: 
    select
        e1_0.id,
        e1_0.address,
        e1_0.avatar_color,
        e1_0.created_at,
        e1_0.date_of_joining,
        e1_0.department,
        e1_0.email,
        e1_0.employee_id,
        e1_0.full_name,
        e1_0.phone,
        e1_0.position,
        e1_0.salary,
        e1_0.status,
        e1_0.updated_at 
    from
        employees e1_0 
    where
        e1_0.id=?
Hibernate: 
    select
        e1_0.id,
        e1_0.address,
        e1_0.avatar_color,
        e1_0.created_at,
        e1_0.date_of_joining,
        e1_0.department,
        e1_0.email,
        e1_0.employee_id,
        e1_0.full_name,
        e1_0.phone,
        e1_0.position,
        e1_0.salary,
        e1_0.status,
        e1_0.updated_at 
    from
        employees e1_0 
    where
        e1_0.id=?
Hibernate: 
    select
        e1_0.id,
        e1_0.address,
        e1_0.avatar_color,
        e1_0.created_at,
        e1_0.date_of_joining,
        e1_0.department,
        e1_0.email,
        e1_0.employee_id,
        e1_0.full_name,
        e1_0.phone,
        e1_0.position,
        e1_0.salary,
        e1_0.status,
        e1_0.updated_at 
    from
        employees e1_0 
    where
        e1_0.id=?
Hibernate: 
    select
        lr1_0.id,
        lr1_0.approved_at,
        lr1_0.approved_by,
        lr1_0.created_at,
        lr1_0.employee_id,
        lr1_0.end_date,
        lr1_0.leave_type,
        lr1_0.manager_comments,
        lr1_0.reason,
        lr1_0.start_date,
        lr1_0.status,
        lr1_0.updated_at 
    from
        leave_requests lr1_0 
    order by
        lr1_0.created_at desc 
    limit
        ?, ?
Hibernate: 
    select
        count(lr1_0.id) 
    from
        leave_requests lr1_0
Hibernate: 
    select
        lr1_0.id,
        lr1_0.approved_at,
        lr1_0.approved_by,
        lr1_0.created_at,
        lr1_0.employee_id,
        lr1_0.end_date,
        lr1_0.leave_type,
        lr1_0.manager_comments,
        lr1_0.reason,
        lr1_0.start_date,
        lr1_0.status,
        lr1_0.updated_at 
    from
        leave_requests lr1_0 
    where
        lr1_0.status=? 
    order by
        lr1_0.created_at desc
Hibernate: 
    select
        lr1_0.id,
        lr1_0.approved_at,
        lr1_0.approved_by,
        lr1_0.created_at,
        lr1_0.employee_id,
        lr1_0.end_date,
        lr1_0.leave_type,
        lr1_0.manager_comments,
        lr1_0.reason,
        lr1_0.start_date,
        lr1_0.status,
        lr1_0.updated_at 
    from
        leave_requests lr1_0 
    where
        lr1_0.status=?
Hibernate: 
    select
        lr1_0.id,
        lr1_0.approved_at,
        lr1_0.approved_by,
        lr1_0.created_at,
        lr1_0.employee_id,
        lr1_0.end_date,
        lr1_0.leave_type,
        lr1_0.manager_comments,
        lr1_0.reason,
        lr1_0.start_date,
        lr1_0.status,
        lr1_0.updated_at 
    from
        leave_requests lr1_0 
    where
        lr1_0.status=?
Hibernate: 
    select
        e1_0.id,
        e1_0.address,
        e1_0.avatar_color,
        e1_0.created_at,
        e1_0.date_of_joining,
        e1_0.department,
        e1_0.email,
        e1_0.employee_id,
        e1_0.full_name,
        e1_0.phone,
        e1_0.position,
        e1_0.salary,
        e1_0.status,
        e1_0.updated_at 
    from
        employees e1_0 
    where
        e1_0.id=?
Hibernate: 
    select
        e1_0.id,
        e1_0.address,
        e1_0.avatar_color,
        e1_0.created_at,
        e1_0.date_of_joining,
        e1_0.department,
        e1_0.email,
        e1_0.employee_id,
        e1_0.full_name,
        e1_0.phone,
        e1_0.position,
        e1_0.salary,
        e1_0.status,
        e1_0.updated_at 
    from
        employees e1_0 
    where
        e1_0.id=?
Hibernate: 
    select
        e1_0.id,
        e1_0.address,
        e1_0.avatar_color,
        e1_0.created_at,
        e1_0.date_of_joining,
        e1_0.department,
        e1_0.email,
        e1_0.employee_id,
        e1_0.full_name,
        e1_0.phone,
        e1_0.position,
        e1_0.salary,
        e1_0.status,
        e1_0.updated_at 
    from
        employees e1_0 
    where
        e1_0.id=?
Hibernate: 
    select
        e1_0.id,
        e1_0.address,
        e1_0.avatar_color,
        e1_0.created_at,
        e1_0.date_of_joining,
        e1_0.department,
        e1_0.email,
        e1_0.employee_id,
        e1_0.full_name,
        e1_0.phone,
        e1_0.position,
        e1_0.salary,
        e1_0.status,
        e1_0.updated_at 
    from
        employees e1_0 
    where
        e1_0.id=?
Hibernate: 
    select
        e1_0.id,
        e1_0.address,
        e1_0.avatar_color,
        e1_0.created_at,
        e1_0.date_of_joining,
        e1_0.department,
        e1_0.email,
        e1_0.employee_id,
        e1_0.full_name,
        e1_0.phone,
        e1_0.position,
        e1_0.salary,
        e1_0.status,
        e1_0.updated_at 
    from
        employees e1_0 
    where
        e1_0.id=?
